2022-10-07 13:53:19 - [32minfo[39m: [32mConectado com sucesso ao Atlas ![39m
2022-10-07 13:53:19 - [32minfo[39m: [32mServidor rodando remotamente em http://localhost:5000[39m
2022-10-07 14:00:59 - [32minfo[39m: [32mConectado com sucesso ao Atlas ![39m
2022-10-07 14:00:59 - [32minfo[39m: [32mServidor rodando remotamente em http://localhost:5000[39m
2022-10-07 14:01:43 - [32minfo[39m: [32mConectado com sucesso ao Atlas ![39m
2022-10-07 14:01:43 - [32minfo[39m: [32mServidor rodando remotamente em http://localhost:5000[39m
2022-10-07 14:06:20 - [32minfo[39m: [32mConectado com sucesso ao Atlas ![39m
2022-10-07 14:06:20 - [32minfo[39m: [32mServidor rodando remotamente em http://localhost:5000[39m
2022-10-07 14:17:08 - [32minfo[39m: [32mConectado com sucesso ao Atlas ![39m
2022-10-07 14:17:08 - [32minfo[39m: [32mServidor rodando remotamente em http://localhost:5000[39m
2022-10-07 14:17:13 - [35mhttp[39m: [35mGET /api/teste 304 - - 5.249 ms[39m
[35m[39m
2022-10-07 14:17:25 - [35mhttp[39m: [35mGET /api/testex 404 149 - 4.682 ms[39m
[35m[39m
2022-10-07 14:17:32 - [35mhttp[39m: [35mGET / 404 139 - 1.493 ms[39m
[35m[39m
2022-10-07 14:17:43 - [35mhttp[39m: [35mGET /api/teste 304 - - 1.098 ms[39m
[35m[39m
2022-10-07 14:19:00 - [32minfo[39m: [32mConectado com sucesso ao Atlas ![39m
2022-10-07 14:19:00 - [32minfo[39m: [32mServidor rodando remotamente em http://localhost:5000[39m
2022-10-07 14:19:13 - [32minfo[39m: [32mConectado com sucesso ao Atlas ![39m
2022-10-07 14:19:13 - [32minfo[39m: [32mServidor rodando remotamente em http://localhost:5000[39m
2022-10-07 14:19:30 - [32minfo[39m: [32mConectado com sucesso ao Atlas ![39m
2022-10-07 14:19:30 - [32minfo[39m: [32mServidor rodando remotamente em http://localhost:5000[39m
2022-10-07 14:19:32 - [35mhttp[39m: [35mGET /api/teste 304 - - 9.046 ms[39m
[35m[39m
2022-10-07 14:20:25 - [32minfo[39m: [32mConectado com sucesso ao Atlas ![39m
2022-10-07 14:20:25 - [32minfo[39m: [32mServidor rodando remotamente em http://localhost:5000[39m
2022-10-07 14:20:30 - [35mhttp[39m: [35mGET /api/teste 304 - - 6.126 ms[39m
[35m[39m
2022-10-07 14:20:34 - [32minfo[39m: [32mConectado com sucesso ao Atlas ![39m
2022-10-07 14:20:34 - [32minfo[39m: [32mServidor rodando remotamente em http://localhost:5000[39m
2022-10-07 14:20:50 - [32minfo[39m: [32mConectado com sucesso ao Atlas ![39m
2022-10-07 14:20:50 - [32minfo[39m: [32mServidor rodando remotamente em http://localhost:5000[39m
2022-10-07 14:20:52 - [35mhttp[39m: [35mGET /api/teste 304 - - 6.514 ms[39m
[35m[39m
2022-10-07 14:23:40 - [32minfo[39m: [32mConectado com sucesso ao Atlas ![39m
2022-10-07 14:23:40 - [32minfo[39m: [32mServidor rodando remotamente em http://localhost:5000[39m
